
> codebyleon@0.0.0 build
> tsc && vite build

[DEBUG] Vite alias config: {
  __dirname: 'C:\\Users\\Dev Projects\\codebyLeon',
  aliasPath: 'C:\\Users\\Dev Projects\\codebyLeon\\src',
  normalizedAlias: 'C:/Users/Dev Projects/codebyLeon/src',
  buttonPath: 'C:\\Users\\Dev Projects\\codebyLeon\\src\\components\\ui\\button.tsx',
  buttonExists: true,
  srcExists: true,
  finalAliasValue: 'C:/Users/Dev Projects/codebyLeon/src'
}
[36mvite v5.4.21 [32mbuilding for production...[36m[39m
<script src="src/js/dynamic-typing.js"> in "/index.html" can't be bundled without type="module" attribute
<script src="src/js/mouse-trail.js"> in "/index.html" can't be bundled without type="module" attribute
<script src="src/js/portfolio-animation.js"> in "/index.html" can't be bundled without type="module" attribute
transforming...
[32mΓ£ô[39m 44 modules transformed.
x Build failed in 4.47s
error during build:
[vite]: Rollup failed to resolve import "@radix-ui/react-dropdown-menu" from "C:/Users/Dev Projects/codebyLeon/src/components/ui/dropdown-menu.tsx".
This is most likely unintended because it can break your application at runtime.
If you do want to externalize this module explicitly add it to
`build.rollupOptions.external`
    at viteWarn (file:///C:/Users/Dev%20Projects/codebyLeon/node_modules/vite/dist/node/chunks/dep-BK3b2jBa.js:65855:17)
    at onwarn (file:///C:/Users/Dev%20Projects/codebyLeon/node_modules/@vitejs/plugin-react-swc/index.js:90:7)
    at onRollupWarning (file:///C:/Users/Dev%20Projects/codebyLeon/node_modules/vite/dist/node/chunks/dep-BK3b2jBa.js:65885:5)
    at onwarn (file:///C:/Users/Dev%20Projects/codebyLeon/node_modules/vite/dist/node/chunks/dep-BK3b2jBa.js:65550:7)
    at file:///C:/Users/Dev%20Projects/codebyLeon/node_modules/rollup/dist/es/shared/node-entry.js:21046:13
    at Object.logger [as onLog] (file:///C:/Users/Dev%20Projects/codebyLeon/node_modules/rollup/dist/es/shared/node-entry.js:22919:9)
    at ModuleLoader.handleInvalidResolvedId (file:///C:/Users/Dev%20Projects/codebyLeon/node_modules/rollup/dist/es/shared/node-entry.js:21663:26)
    at file:///C:/Users/Dev%20Projects/codebyLeon/node_modules/rollup/dist/es/shared/node-entry.js:21621:26
